[ERROR] This variable evaluated to an empty term (no rule that defined it applied in this situation)
[ERROR] 
[ERROR]  --> test_default/empty.catala
[ERROR]   | 
[ERROR] 6 |   param y content bool
[ERROR]   |         ^
